mode: set
AdHub/auth/pkg/usecase/session/session.go:12.59,16.2 1 1
AdHub/auth/pkg/usecase/session/session.go:18.89,20.2 1 1
AdHub/auth/pkg/usecase/session/session.go:22.87,24.2 1 1
AdHub/auth/pkg/usecase/session/session.go:26.68,28.2 1 1
AdHub/auth/pkg/usecase/session/session.go:30.78,32.2 1 1
AdHub/auth/pkg/usecase/session/session.go:34.85,40.16 5 1
AdHub/auth/pkg/usecase/session/session.go:40.16,42.3 1 0
AdHub/auth/pkg/usecase/session/session.go:45.2,45.96 1 1
AdHub/auth/pkg/usecase/session/session.go:45.96,47.17 2 0
AdHub/auth/pkg/usecase/session/session.go:47.17,49.4 1 0
AdHub/auth/pkg/usecase/session/session.go:51.2,52.16 2 1
AdHub/auth/pkg/usecase/session/session.go:52.16,54.3 1 0
AdHub/auth/pkg/usecase/session/session.go:56.2,56.24 1 1
AdHub/auth/pkg/usecase/session/session.go:59.63,65.2 2 1
AdHub/auth/pkg/repo/sessionrepository.go:16.96,21.2 2 1
AdHub/auth/pkg/repo/sessionrepository.go:23.98,26.2 2 0
AdHub/auth/pkg/repo/sessionrepository.go:28.84,29.23 1 1
AdHub/auth/pkg/repo/sessionrepository.go:29.23,31.3 1 0
AdHub/auth/pkg/repo/sessionrepository.go:32.2,34.16 3 1
AdHub/auth/pkg/repo/sessionrepository.go:34.16,36.3 1 0
AdHub/auth/pkg/repo/sessionrepository.go:37.2,37.15 1 1
AdHub/auth/pkg/repo/sessionrepository.go:40.82,41.23 1 1
AdHub/auth/pkg/repo/sessionrepository.go:41.23,43.3 1 0
AdHub/auth/pkg/repo/sessionrepository.go:45.2,47.16 3 1
AdHub/auth/pkg/repo/sessionrepository.go:47.16,49.3 1 0
AdHub/auth/pkg/repo/sessionrepository.go:51.2,52.16 2 1
AdHub/auth/pkg/repo/sessionrepository.go:52.16,54.3 1 0
AdHub/auth/pkg/repo/sessionrepository.go:55.2,55.15 1 1
AdHub/auth/pkg/repo/sessionrepository.go:58.63,59.23 1 1
AdHub/auth/pkg/repo/sessionrepository.go:59.23,61.3 1 0
AdHub/auth/pkg/repo/sessionrepository.go:63.2,65.12 3 1
AdHub/auth/pkg/repo/sessionrepository.go:68.73,71.16 3 1
AdHub/auth/pkg/repo/sessionrepository.go:71.16,73.3 1 0
AdHub/auth/pkg/repo/sessionrepository.go:74.2,74.25 1 1
AdHub/internal/pkg/delivery/router/ad/adcreatehandler.go:11.77,23.16 4 0
AdHub/internal/pkg/delivery/router/ad/adcreatehandler.go:23.16,25.17 2 0
AdHub/internal/pkg/delivery/router/ad/adcreatehandler.go:25.17,29.18 3 0
AdHub/internal/pkg/delivery/router/ad/adcreatehandler.go:29.18,33.5 3 0
AdHub/internal/pkg/delivery/router/ad/adcreatehandler.go:35.4,36.18 2 0
AdHub/internal/pkg/delivery/router/ad/adcreatehandler.go:36.18,40.5 3 0
AdHub/internal/pkg/delivery/router/ad/adcreatehandler.go:44.2,45.16 2 0
AdHub/internal/pkg/delivery/router/ad/adcreatehandler.go:45.16,49.3 3 0
AdHub/internal/pkg/delivery/router/ad/adcreatehandler.go:51.2,60.9 9 0
AdHub/internal/pkg/delivery/router/ad/adcreatehandler.go:60.9,64.3 3 0
AdHub/internal/pkg/delivery/router/ad/adcreatehandler.go:72.2,73.16 2 0
AdHub/internal/pkg/delivery/router/ad/adcreatehandler.go:73.16,77.3 3 0
AdHub/internal/pkg/delivery/router/ad/adcreatehandler.go:79.2,80.16 2 0
AdHub/internal/pkg/delivery/router/ad/adcreatehandler.go:80.16,84.3 3 0
AdHub/internal/pkg/delivery/router/ad/adcreatehandler.go:86.2,87.16 2 0
AdHub/internal/pkg/delivery/router/ad/adcreatehandler.go:87.16,91.3 3 0
AdHub/internal/pkg/delivery/router/ad/adcreatehandler.go:92.2,93.50 2 0
AdHub/internal/pkg/delivery/router/ad/adcreatehandler.go:93.50,97.3 3 0
AdHub/internal/pkg/delivery/router/ad/adcreatehandler.go:97.8,99.17 2 0
AdHub/internal/pkg/delivery/router/ad/adcreatehandler.go:99.17,103.4 3 0
AdHub/internal/pkg/delivery/router/ad/adcreatehandler.go:106.2,107.16 2 0
AdHub/internal/pkg/delivery/router/ad/adcreatehandler.go:107.16,111.3 3 0
AdHub/internal/pkg/delivery/router/ad/adcreatehandler.go:113.2,125.16 3 0
AdHub/internal/pkg/delivery/router/ad/adcreatehandler.go:125.16,129.3 3 0
AdHub/internal/pkg/delivery/router/ad/adcreatehandler.go:131.2,134.23 4 0
AdHub/internal/pkg/delivery/router/ad/addelete.go:8.77,15.49 3 0
AdHub/internal/pkg/delivery/router/ad/addelete.go:15.49,19.3 3 0
AdHub/internal/pkg/delivery/router/ad/addelete.go:20.2,31.9 4 0
AdHub/internal/pkg/delivery/router/ad/addelete.go:31.9,35.3 3 0
AdHub/internal/pkg/delivery/router/ad/addelete.go:38.2,39.16 2 0
AdHub/internal/pkg/delivery/router/ad/addelete.go:39.16,43.3 3 0
AdHub/internal/pkg/delivery/router/ad/addelete.go:46.2,46.27 1 0
AdHub/internal/pkg/delivery/router/ad/addelete.go:46.27,50.3 3 0
AdHub/internal/pkg/delivery/router/ad/addelete.go:52.2,53.16 2 0
AdHub/internal/pkg/delivery/router/ad/addelete.go:53.16,57.3 3 0
AdHub/internal/pkg/delivery/router/ad/addelete.go:59.2,60.16 2 0
AdHub/internal/pkg/delivery/router/ad/addelete.go:60.16,64.3 3 0
AdHub/internal/pkg/delivery/router/ad/addelete.go:67.2,68.16 2 0
AdHub/internal/pkg/delivery/router/ad/addelete.go:68.16,72.3 3 0
AdHub/internal/pkg/delivery/router/ad/addelete.go:74.2,76.59 3 0
AdHub/internal/pkg/delivery/router/ad/adedithandler.go:9.77,23.16 4 0
AdHub/internal/pkg/delivery/router/ad/adedithandler.go:23.16,25.17 2 0
AdHub/internal/pkg/delivery/router/ad/adedithandler.go:25.17,29.18 3 0
AdHub/internal/pkg/delivery/router/ad/adedithandler.go:29.18,33.5 3 0
AdHub/internal/pkg/delivery/router/ad/adedithandler.go:35.4,36.18 2 0
AdHub/internal/pkg/delivery/router/ad/adedithandler.go:36.18,40.5 3 0
AdHub/internal/pkg/delivery/router/ad/adedithandler.go:44.2,45.16 2 0
AdHub/internal/pkg/delivery/router/ad/adedithandler.go:45.16,49.3 3 0
AdHub/internal/pkg/delivery/router/ad/adedithandler.go:51.2,62.9 10 0
AdHub/internal/pkg/delivery/router/ad/adedithandler.go:62.9,66.3 3 0
AdHub/internal/pkg/delivery/router/ad/adedithandler.go:68.2,69.16 2 0
AdHub/internal/pkg/delivery/router/ad/adedithandler.go:69.16,73.3 3 0
AdHub/internal/pkg/delivery/router/ad/adedithandler.go:75.2,76.16 2 0
AdHub/internal/pkg/delivery/router/ad/adedithandler.go:76.16,80.3 3 0
AdHub/internal/pkg/delivery/router/ad/adedithandler.go:82.2,83.16 2 0
AdHub/internal/pkg/delivery/router/ad/adedithandler.go:83.16,87.3 3 0
AdHub/internal/pkg/delivery/router/ad/adedithandler.go:88.2,89.16 2 0
AdHub/internal/pkg/delivery/router/ad/adedithandler.go:89.16,93.3 3 0
AdHub/internal/pkg/delivery/router/ad/adedithandler.go:96.2,97.16 2 0
AdHub/internal/pkg/delivery/router/ad/adedithandler.go:97.16,101.3 3 0
AdHub/internal/pkg/delivery/router/ad/adedithandler.go:104.2,104.31 1 0
AdHub/internal/pkg/delivery/router/ad/adedithandler.go:104.31,108.3 3 0
AdHub/internal/pkg/delivery/router/ad/adedithandler.go:111.2,111.24 1 0
AdHub/internal/pkg/delivery/router/ad/adedithandler.go:111.24,113.3 1 0
AdHub/internal/pkg/delivery/router/ad/adedithandler.go:114.2,114.31 1 0
AdHub/internal/pkg/delivery/router/ad/adedithandler.go:114.31,116.3 1 0
AdHub/internal/pkg/delivery/router/ad/adedithandler.go:117.2,117.31 1 0
AdHub/internal/pkg/delivery/router/ad/adedithandler.go:117.31,119.3 1 0
AdHub/internal/pkg/delivery/router/ad/adedithandler.go:120.2,120.26 1 0
AdHub/internal/pkg/delivery/router/ad/adedithandler.go:120.26,122.3 1 0
AdHub/internal/pkg/delivery/router/ad/adedithandler.go:123.2,123.28 1 0
AdHub/internal/pkg/delivery/router/ad/adedithandler.go:123.28,125.3 1 0
AdHub/internal/pkg/delivery/router/ad/adedithandler.go:126.2,126.17 1 0
AdHub/internal/pkg/delivery/router/ad/adedithandler.go:126.17,128.3 1 0
AdHub/internal/pkg/delivery/router/ad/adedithandler.go:129.2,129.30 1 0
AdHub/internal/pkg/delivery/router/ad/adedithandler.go:129.30,131.3 1 0
AdHub/internal/pkg/delivery/router/ad/adedithandler.go:134.2,135.16 2 0
AdHub/internal/pkg/delivery/router/ad/adedithandler.go:135.16,139.3 3 0
AdHub/internal/pkg/delivery/router/ad/adedithandler.go:141.2,141.30 1 0
AdHub/internal/pkg/delivery/router/ad/adget.go:10.74,13.16 3 1
AdHub/internal/pkg/delivery/router/ad/adget.go:13.16,17.3 3 0
AdHub/internal/pkg/delivery/router/ad/adget.go:20.2,21.16 2 1
AdHub/internal/pkg/delivery/router/ad/adget.go:21.16,22.27 1 0
AdHub/internal/pkg/delivery/router/ad/adget.go:22.27,24.4 1 0
AdHub/internal/pkg/delivery/router/ad/adget.go:24.9,27.4 2 0
AdHub/internal/pkg/delivery/router/ad/adget.go:28.3,28.9 1 0
AdHub/internal/pkg/delivery/router/ad/adget.go:31.2,32.31 2 1
AdHub/internal/pkg/delivery/router/ad/adgetamount.go:8.80,16.65 2 1
AdHub/internal/pkg/delivery/router/ad/adgetamount.go:16.65,20.3 3 0
AdHub/internal/pkg/delivery/router/ad/adgetamount.go:21.2,24.46 2 1
AdHub/internal/pkg/delivery/router/ad/adgetamount.go:24.46,28.3 3 0
AdHub/internal/pkg/delivery/router/ad/adgetamount.go:37.2,39.9 3 1
AdHub/internal/pkg/delivery/router/ad/adgetamount.go:39.9,43.3 3 0
AdHub/internal/pkg/delivery/router/ad/adgetamount.go:46.2,47.16 2 1
AdHub/internal/pkg/delivery/router/ad/adgetamount.go:47.16,51.3 3 0
AdHub/internal/pkg/delivery/router/ad/adgetamount.go:53.2,53.31 1 1
AdHub/internal/pkg/delivery/router/ad/adgetamount.go:53.31,56.61 3 0
AdHub/internal/pkg/delivery/router/ad/adgetamount.go:56.61,58.4 1 0
AdHub/internal/pkg/delivery/router/ad/adgetamount.go:61.2,61.69 1 1
AdHub/internal/pkg/delivery/router/ad/adgetamount.go:61.69,63.3 1 0
AdHub/internal/pkg/delivery/router/ad/adgetamount.go:65.2,67.86 3 1
AdHub/internal/pkg/delivery/router/ad/adgetamount.go:67.86,69.3 1 0
AdHub/internal/pkg/delivery/router/ad/adlisthandler.go:9.75,13.9 3 1
AdHub/internal/pkg/delivery/router/ad/adlisthandler.go:13.9,17.3 3 0
AdHub/internal/pkg/delivery/router/ad/adlisthandler.go:26.2,28.16 3 1
AdHub/internal/pkg/delivery/router/ad/adlisthandler.go:28.16,32.3 3 0
AdHub/internal/pkg/delivery/router/ad/adlisthandler.go:34.2,35.55 2 1
AdHub/internal/pkg/delivery/router/ad/adlisthandler.go:35.55,38.3 2 0
AdHub/internal/pkg/delivery/router/ad/adrouter.go:24.296,36.2 1 0
AdHub/internal/pkg/delivery/router/ad/adrouter.go:38.36,50.2 10 0
AdHub/internal/pkg/delivery/router/balance/balancereplenish.go:9.90,15.49 3 1
AdHub/internal/pkg/delivery/router/balance/balancereplenish.go:15.49,19.3 3 0
AdHub/internal/pkg/delivery/router/balance/balancereplenish.go:20.2,23.16 3 1
AdHub/internal/pkg/delivery/router/balance/balancereplenish.go:23.16,27.3 3 0
AdHub/internal/pkg/delivery/router/balance/balancereplenish.go:30.2,30.17 1 1
AdHub/internal/pkg/delivery/router/balance/balancereplenish.go:30.17,34.3 3 0
AdHub/internal/pkg/delivery/router/balance/balancereplenish.go:36.2,38.9 3 1
AdHub/internal/pkg/delivery/router/balance/balancereplenish.go:38.9,42.3 3 0
AdHub/internal/pkg/delivery/router/balance/balancereplenish.go:45.2,46.16 2 1
AdHub/internal/pkg/delivery/router/balance/balancereplenish.go:46.16,50.3 3 0
AdHub/internal/pkg/delivery/router/balance/balancereplenish.go:51.2,52.16 2 1
AdHub/internal/pkg/delivery/router/balance/balancereplenish.go:52.16,56.3 3 0
AdHub/internal/pkg/delivery/router/balance/balancereplenish.go:59.2,60.16 2 1
AdHub/internal/pkg/delivery/router/balance/balancereplenish.go:60.16,64.3 3 0
AdHub/internal/pkg/delivery/router/balance/balancereplenish.go:66.2,68.43 3 1
AdHub/internal/pkg/delivery/router/balance/balancerouter.go:23.221,32.2 1 0
AdHub/internal/pkg/delivery/router/balance/balancerouter.go:34.41,43.2 6 0
AdHub/internal/pkg/delivery/router/balance/getBalance.go:8.84,12.9 3 0
AdHub/internal/pkg/delivery/router/balance/getBalance.go:12.9,16.3 3 0
AdHub/internal/pkg/delivery/router/balance/getBalance.go:18.2,22.16 4 0
AdHub/internal/pkg/delivery/router/balance/getBalance.go:22.16,26.3 3 0
AdHub/internal/pkg/delivery/router/balance/getBalance.go:29.2,30.59 2 0
AdHub/internal/pkg/delivery/router/balance/getBalance.go:30.59,32.3 1 0
AdHub/internal/pkg/delivery/router/pad/padcreatehandler.go:10.79,27.9 9 1
AdHub/internal/pkg/delivery/router/pad/padcreatehandler.go:27.9,31.3 3 0
AdHub/internal/pkg/delivery/router/pad/padcreatehandler.go:32.2,33.16 2 1
AdHub/internal/pkg/delivery/router/pad/padcreatehandler.go:33.16,37.3 3 0
AdHub/internal/pkg/delivery/router/pad/padcreatehandler.go:39.2,40.16 2 1
AdHub/internal/pkg/delivery/router/pad/padcreatehandler.go:40.16,44.3 3 0
AdHub/internal/pkg/delivery/router/pad/padcreatehandler.go:46.2,57.16 3 1
AdHub/internal/pkg/delivery/router/pad/padcreatehandler.go:57.16,61.3 3 0
AdHub/internal/pkg/delivery/router/pad/padcreatehandler.go:63.2,66.23 4 1
AdHub/internal/pkg/delivery/router/pad/paddeletehandler.go:8.79,15.49 3 1
AdHub/internal/pkg/delivery/router/pad/paddeletehandler.go:15.49,19.3 3 0
AdHub/internal/pkg/delivery/router/pad/paddeletehandler.go:20.2,24.9 4 1
AdHub/internal/pkg/delivery/router/pad/paddeletehandler.go:24.9,28.3 3 0
AdHub/internal/pkg/delivery/router/pad/paddeletehandler.go:30.2,31.16 2 1
AdHub/internal/pkg/delivery/router/pad/paddeletehandler.go:31.16,35.3 3 0
AdHub/internal/pkg/delivery/router/pad/paddeletehandler.go:38.2,38.28 1 1
AdHub/internal/pkg/delivery/router/pad/paddeletehandler.go:38.28,42.3 3 0
AdHub/internal/pkg/delivery/router/pad/paddeletehandler.go:45.2,46.16 2 1
AdHub/internal/pkg/delivery/router/pad/paddeletehandler.go:46.16,50.3 3 0
AdHub/internal/pkg/delivery/router/pad/paddeletehandler.go:52.2,54.60 3 1
AdHub/internal/pkg/delivery/router/pad/padlisthandler.go:9.77,12.9 3 1
AdHub/internal/pkg/delivery/router/pad/padlisthandler.go:12.9,16.3 3 0
AdHub/internal/pkg/delivery/router/pad/padlisthandler.go:18.2,20.16 3 1
AdHub/internal/pkg/delivery/router/pad/padlisthandler.go:20.16,24.3 3 0
AdHub/internal/pkg/delivery/router/pad/padlisthandler.go:26.2,27.56 2 1
AdHub/internal/pkg/delivery/router/pad/padlisthandler.go:27.56,30.3 2 0
AdHub/internal/pkg/delivery/router/pad/padrouter.go:27.334,40.2 1 0
AdHub/internal/pkg/delivery/router/pad/padrouter.go:42.37,52.2 8 0
AdHub/internal/pkg/delivery/router/pad/padupdatehandler.go:8.79,27.9 10 1
AdHub/internal/pkg/delivery/router/pad/padupdatehandler.go:27.9,31.3 3 0
AdHub/internal/pkg/delivery/router/pad/padupdatehandler.go:33.2,34.16 2 1
AdHub/internal/pkg/delivery/router/pad/padupdatehandler.go:34.16,38.3 3 0
AdHub/internal/pkg/delivery/router/pad/padupdatehandler.go:40.2,41.16 2 1
AdHub/internal/pkg/delivery/router/pad/padupdatehandler.go:41.16,45.3 3 0
AdHub/internal/pkg/delivery/router/pad/padupdatehandler.go:46.2,47.16 2 1
AdHub/internal/pkg/delivery/router/pad/padupdatehandler.go:47.16,51.3 3 0
AdHub/internal/pkg/delivery/router/pad/padupdatehandler.go:54.2,55.16 2 1
AdHub/internal/pkg/delivery/router/pad/padupdatehandler.go:55.16,59.3 3 0
AdHub/internal/pkg/delivery/router/pad/padupdatehandler.go:62.2,62.32 1 1
AdHub/internal/pkg/delivery/router/pad/padupdatehandler.go:62.32,66.3 3 0
AdHub/internal/pkg/delivery/router/pad/padupdatehandler.go:69.2,69.24 1 1
AdHub/internal/pkg/delivery/router/pad/padupdatehandler.go:69.24,71.3 1 1
AdHub/internal/pkg/delivery/router/pad/padupdatehandler.go:72.2,72.31 1 1
AdHub/internal/pkg/delivery/router/pad/padupdatehandler.go:72.31,74.3 1 0
AdHub/internal/pkg/delivery/router/pad/padupdatehandler.go:75.2,75.31 1 1
AdHub/internal/pkg/delivery/router/pad/padupdatehandler.go:75.31,77.3 1 0
AdHub/internal/pkg/delivery/router/pad/padupdatehandler.go:78.2,78.25 1 1
AdHub/internal/pkg/delivery/router/pad/padupdatehandler.go:78.25,80.3 1 1
AdHub/internal/pkg/delivery/router/pad/padupdatehandler.go:81.2,81.28 1 1
AdHub/internal/pkg/delivery/router/pad/padupdatehandler.go:81.28,83.3 1 1
AdHub/internal/pkg/delivery/router/pad/padupdatehandler.go:86.2,87.16 2 1
AdHub/internal/pkg/delivery/router/pad/padupdatehandler.go:87.16,91.3 3 0
AdHub/internal/pkg/delivery/router/pad/padupdatehandler.go:93.2,93.30 1 1
AdHub/internal/pkg/delivery/router/target/targetcreate.go:11.85,24.65 2 0
AdHub/internal/pkg/delivery/router/target/targetcreate.go:24.65,28.3 3 0
AdHub/internal/pkg/delivery/router/target/targetcreate.go:29.2,34.9 4 0
AdHub/internal/pkg/delivery/router/target/targetcreate.go:34.9,38.3 3 0
AdHub/internal/pkg/delivery/router/target/targetcreate.go:41.2,46.16 6 0
AdHub/internal/pkg/delivery/router/target/targetcreate.go:46.16,50.3 3 0
AdHub/internal/pkg/delivery/router/target/targetcreate.go:52.2,53.16 2 0
AdHub/internal/pkg/delivery/router/target/targetcreate.go:53.16,57.3 3 0
AdHub/internal/pkg/delivery/router/target/targetcreate.go:59.2,73.16 3 0
AdHub/internal/pkg/delivery/router/target/targetcreate.go:73.16,77.3 3 0
AdHub/internal/pkg/delivery/router/target/targetcreate.go:79.2,81.65 3 0
AdHub/internal/pkg/delivery/router/target/targetcreate.go:81.65,83.3 1 0
AdHub/internal/pkg/delivery/router/target/targetdelete.go:8.85,16.49 3 1
AdHub/internal/pkg/delivery/router/target/targetdelete.go:16.49,20.3 3 0
AdHub/internal/pkg/delivery/router/target/targetdelete.go:21.2,33.9 4 1
AdHub/internal/pkg/delivery/router/target/targetdelete.go:33.9,37.3 3 0
AdHub/internal/pkg/delivery/router/target/targetdelete.go:40.2,41.16 2 1
AdHub/internal/pkg/delivery/router/target/targetdelete.go:41.16,45.3 3 0
AdHub/internal/pkg/delivery/router/target/targetdelete.go:46.2,46.31 1 1
AdHub/internal/pkg/delivery/router/target/targetdelete.go:46.31,50.3 3 0
AdHub/internal/pkg/delivery/router/target/targetdelete.go:53.2,53.59 1 1
AdHub/internal/pkg/delivery/router/target/targetdelete.go:53.59,57.3 3 0
AdHub/internal/pkg/delivery/router/target/targetdelete.go:59.2,59.30 1 1
AdHub/internal/pkg/delivery/router/target/targetedit.go:11.85,24.65 2 0
AdHub/internal/pkg/delivery/router/target/targetedit.go:24.65,28.3 3 0
AdHub/internal/pkg/delivery/router/target/targetedit.go:29.2,34.9 4 0
AdHub/internal/pkg/delivery/router/target/targetedit.go:34.9,38.3 3 0
AdHub/internal/pkg/delivery/router/target/targetedit.go:40.2,45.16 6 0
AdHub/internal/pkg/delivery/router/target/targetedit.go:45.16,49.3 3 0
AdHub/internal/pkg/delivery/router/target/targetedit.go:51.2,52.16 2 0
AdHub/internal/pkg/delivery/router/target/targetedit.go:52.16,56.3 3 0
AdHub/internal/pkg/delivery/router/target/targetedit.go:58.2,72.16 3 0
AdHub/internal/pkg/delivery/router/target/targetedit.go:72.16,76.3 3 0
AdHub/internal/pkg/delivery/router/target/targetedit.go:79.2,79.38 1 0
AdHub/internal/pkg/delivery/router/target/targetedit.go:79.38,83.3 3 0
AdHub/internal/pkg/delivery/router/target/targetedit.go:86.2,86.24 1 0
AdHub/internal/pkg/delivery/router/target/targetedit.go:86.24,88.3 1 0
AdHub/internal/pkg/delivery/router/target/targetedit.go:89.2,89.26 1 0
AdHub/internal/pkg/delivery/router/target/targetedit.go:89.26,91.3 1 0
AdHub/internal/pkg/delivery/router/target/targetedit.go:92.2,92.26 1 0
AdHub/internal/pkg/delivery/router/target/targetedit.go:92.26,94.3 1 0
AdHub/internal/pkg/delivery/router/target/targetedit.go:95.2,95.26 1 0
AdHub/internal/pkg/delivery/router/target/targetedit.go:95.26,97.3 1 0
AdHub/internal/pkg/delivery/router/target/targetedit.go:98.2,98.29 1 0
AdHub/internal/pkg/delivery/router/target/targetedit.go:98.29,100.3 1 0
AdHub/internal/pkg/delivery/router/target/targetedit.go:101.2,101.24 1 0
AdHub/internal/pkg/delivery/router/target/targetedit.go:101.24,103.3 1 0
AdHub/internal/pkg/delivery/router/target/targetedit.go:104.2,104.24 1 0
AdHub/internal/pkg/delivery/router/target/targetedit.go:104.24,106.3 1 0
AdHub/internal/pkg/delivery/router/target/targetedit.go:107.2,107.27 1 0
AdHub/internal/pkg/delivery/router/target/targetedit.go:107.27,109.3 1 0
AdHub/internal/pkg/delivery/router/target/targetedit.go:112.2,112.62 1 0
AdHub/internal/pkg/delivery/router/target/targetedit.go:112.62,116.3 3 0
AdHub/internal/pkg/delivery/router/target/targetedit.go:118.2,120.65 3 0
AdHub/internal/pkg/delivery/router/target/targetedit.go:120.65,122.3 1 0
AdHub/internal/pkg/delivery/router/target/targetget.go:11.82,14.9 3 1
AdHub/internal/pkg/delivery/router/target/targetget.go:14.9,18.3 3 0
AdHub/internal/pkg/delivery/router/target/targetget.go:20.2,21.16 2 1
AdHub/internal/pkg/delivery/router/target/targetget.go:21.16,25.3 3 0
AdHub/internal/pkg/delivery/router/target/targetget.go:35.2,37.9 3 1
AdHub/internal/pkg/delivery/router/target/targetget.go:37.9,41.3 3 0
AdHub/internal/pkg/delivery/router/target/targetget.go:44.2,45.16 2 1
AdHub/internal/pkg/delivery/router/target/targetget.go:45.16,49.3 3 0
AdHub/internal/pkg/delivery/router/target/targetget.go:52.2,52.31 1 1
AdHub/internal/pkg/delivery/router/target/targetget.go:52.31,56.3 3 0
AdHub/internal/pkg/delivery/router/target/targetget.go:58.2,60.58 3 1
AdHub/internal/pkg/delivery/router/target/targetget.go:60.58,62.3 1 0
AdHub/internal/pkg/delivery/router/target/targetlist.go:10.83,13.9 3 0
AdHub/internal/pkg/delivery/router/target/targetlist.go:13.9,17.3 3 0
AdHub/internal/pkg/delivery/router/target/targetlist.go:19.2,22.16 3 0
AdHub/internal/pkg/delivery/router/target/targetlist.go:22.16,26.3 3 0
AdHub/internal/pkg/delivery/router/target/targetlist.go:27.2,27.22 1 0
AdHub/internal/pkg/delivery/router/target/targetlist.go:27.22,29.35 2 0
AdHub/internal/pkg/delivery/router/target/targetlist.go:29.35,33.4 3 0
AdHub/internal/pkg/delivery/router/target/targetlist.go:36.2,37.58 2 0
AdHub/internal/pkg/delivery/router/target/targetlist.go:37.58,40.3 2 0
AdHub/internal/pkg/delivery/router/target/targetrouter.go:22.179,30.2 1 0
AdHub/internal/pkg/delivery/router/target/targetrouter.go:32.40,43.2 9 0
AdHub/internal/pkg/delivery/router/user/authhandler.go:12.75,16.46 3 0
AdHub/internal/pkg/delivery/router/user/authhandler.go:16.46,20.3 3 0
AdHub/internal/pkg/delivery/router/user/authhandler.go:21.2,24.56 2 0
AdHub/internal/pkg/delivery/router/user/authhandler.go:24.56,28.3 3 0
AdHub/internal/pkg/delivery/router/user/authhandler.go:31.2,32.16 2 0
AdHub/internal/pkg/delivery/router/user/authhandler.go:32.16,36.3 3 0
AdHub/internal/pkg/delivery/router/user/authhandler.go:39.2,39.42 1 0
AdHub/internal/pkg/delivery/router/user/authhandler.go:39.42,41.17 2 0
AdHub/internal/pkg/delivery/router/user/authhandler.go:41.17,44.4 2 0
AdHub/internal/pkg/delivery/router/user/authhandler.go:46.3,47.17 2 0
AdHub/internal/pkg/delivery/router/user/authhandler.go:47.17,50.4 2 0
AdHub/internal/pkg/delivery/router/user/authhandler.go:53.3,73.31 5 0
AdHub/internal/pkg/delivery/router/user/authhandler.go:75.8,78.3 2 0
AdHub/internal/pkg/delivery/router/user/filehandler.go:10.75,13.16 3 1
AdHub/internal/pkg/delivery/router/user/filehandler.go:13.16,17.3 3 0
AdHub/internal/pkg/delivery/router/user/filehandler.go:19.2,19.41 1 1
AdHub/internal/pkg/delivery/router/user/filehandler.go:19.41,21.3 1 1
AdHub/internal/pkg/delivery/router/user/filehandler.go:21.8,21.48 1 0
AdHub/internal/pkg/delivery/router/user/filehandler.go:21.48,23.3 1 0
AdHub/internal/pkg/delivery/router/user/filehandler.go:25.2,25.74 1 1
AdHub/internal/pkg/delivery/router/user/pinghandler.go:9.58,17.16 3 1
AdHub/internal/pkg/delivery/router/user/pinghandler.go:17.16,19.3 1 0
AdHub/internal/pkg/delivery/router/user/pinghandler.go:21.2,24.23 3 1
AdHub/internal/pkg/delivery/router/user/usercreatehandler.go:14.81,18.46 3 0
AdHub/internal/pkg/delivery/router/user/usercreatehandler.go:18.46,22.3 3 0
AdHub/internal/pkg/delivery/router/user/usercreatehandler.go:23.2,26.104 2 0
AdHub/internal/pkg/delivery/router/user/usercreatehandler.go:26.104,30.3 3 0
AdHub/internal/pkg/delivery/router/user/usercreatehandler.go:33.2,34.16 2 0
AdHub/internal/pkg/delivery/router/user/usercreatehandler.go:34.16,37.86 2 0
AdHub/internal/pkg/delivery/router/user/usercreatehandler.go:37.86,39.4 1 0
AdHub/internal/pkg/delivery/router/user/usercreatehandler.go:39.9,41.4 1 0
AdHub/internal/pkg/delivery/router/user/usercreatehandler.go:42.3,42.9 1 0
AdHub/internal/pkg/delivery/router/user/usercreatehandler.go:45.2,52.16 3 0
AdHub/internal/pkg/delivery/router/user/usercreatehandler.go:52.16,56.3 3 0
AdHub/internal/pkg/delivery/router/user/usercreatehandler.go:58.2,60.16 3 0
AdHub/internal/pkg/delivery/router/user/usercreatehandler.go:60.16,64.3 3 0
AdHub/internal/pkg/delivery/router/user/usercreatehandler.go:66.2,67.16 2 0
AdHub/internal/pkg/delivery/router/user/usercreatehandler.go:67.16,70.3 2 0
AdHub/internal/pkg/delivery/router/user/usercreatehandler.go:73.2,87.23 7 0
AdHub/internal/pkg/delivery/router/user/userdeletehandler.go:7.81,11.9 3 0
AdHub/internal/pkg/delivery/router/user/userdeletehandler.go:11.9,15.3 3 0
AdHub/internal/pkg/delivery/router/user/userdeletehandler.go:17.2,19.16 3 0
AdHub/internal/pkg/delivery/router/user/userdeletehandler.go:19.16,23.3 3 0
AdHub/internal/pkg/delivery/router/user/userdeletehandler.go:25.2,25.29 1 0
AdHub/internal/pkg/delivery/router/user/userdeletehandler.go:25.29,29.3 3 0
AdHub/internal/pkg/delivery/router/user/userdeletehandler.go:31.2,31.50 1 0
AdHub/internal/pkg/delivery/router/user/userdeletehandler.go:31.50,35.3 3 0
AdHub/internal/pkg/delivery/router/user/userdeletehandler.go:37.2,37.37 1 0
AdHub/internal/pkg/delivery/router/user/userreadhandler.go:8.79,12.16 3 1
AdHub/internal/pkg/delivery/router/user/userreadhandler.go:12.16,16.3 3 0
AdHub/internal/pkg/delivery/router/user/userreadhandler.go:18.2,19.56 2 1
AdHub/internal/pkg/delivery/router/user/userreadhandler.go:19.56,22.3 2 0
AdHub/internal/pkg/delivery/router/user/userrouter.go:24.253,34.2 1 0
AdHub/internal/pkg/delivery/router/user/userrouter.go:36.38,49.2 11 0
AdHub/internal/pkg/delivery/router/user/userupdatehandler.go:8.81,20.16 4 1
AdHub/internal/pkg/delivery/router/user/userupdatehandler.go:20.16,22.17 2 1
AdHub/internal/pkg/delivery/router/user/userupdatehandler.go:22.17,26.18 3 1
AdHub/internal/pkg/delivery/router/user/userupdatehandler.go:26.18,30.5 3 0
AdHub/internal/pkg/delivery/router/user/userupdatehandler.go:32.4,33.18 2 1
AdHub/internal/pkg/delivery/router/user/userupdatehandler.go:33.18,37.5 3 0
AdHub/internal/pkg/delivery/router/user/userupdatehandler.go:41.2,42.16 2 1
AdHub/internal/pkg/delivery/router/user/userupdatehandler.go:42.16,46.3 3 0
AdHub/internal/pkg/delivery/router/user/userupdatehandler.go:48.2,70.9 8 1
AdHub/internal/pkg/delivery/router/user/userupdatehandler.go:70.9,74.3 3 0
AdHub/internal/pkg/delivery/router/user/userupdatehandler.go:77.2,78.16 2 1
AdHub/internal/pkg/delivery/router/user/userupdatehandler.go:78.16,82.3 3 0
AdHub/internal/pkg/delivery/router/user/userupdatehandler.go:85.2,85.25 1 1
AdHub/internal/pkg/delivery/router/user/userupdatehandler.go:85.25,87.3 1 0
AdHub/internal/pkg/delivery/router/user/userupdatehandler.go:88.2,88.28 1 1
AdHub/internal/pkg/delivery/router/user/userupdatehandler.go:88.28,90.3 1 0
AdHub/internal/pkg/delivery/router/user/userupdatehandler.go:91.2,91.25 1 1
AdHub/internal/pkg/delivery/router/user/userupdatehandler.go:91.25,93.3 1 0
AdHub/internal/pkg/delivery/router/user/userupdatehandler.go:94.2,94.25 1 1
AdHub/internal/pkg/delivery/router/user/userupdatehandler.go:94.25,96.3 1 0
AdHub/internal/pkg/delivery/router/user/userupdatehandler.go:97.2,97.27 1 1
AdHub/internal/pkg/delivery/router/user/userupdatehandler.go:97.27,99.3 1 0
AdHub/internal/pkg/delivery/router/user/userupdatehandler.go:100.2,100.18 1 1
AdHub/internal/pkg/delivery/router/user/userupdatehandler.go:100.18,102.3 1 1
AdHub/internal/pkg/delivery/router/user/userupdatehandler.go:105.2,106.16 2 1
AdHub/internal/pkg/delivery/router/user/userupdatehandler.go:106.16,110.3 3 0
AdHub/internal/pkg/delivery/router/user/userupdatehandler.go:112.2,112.30 1 1
AdHub/internal/pkg/repo/adrepository.go:14.62,20.2 2 1
AdHub/internal/pkg/repo/adrepository.go:22.58,24.16 2 0
AdHub/internal/pkg/repo/adrepository.go:24.16,26.3 1 0
AdHub/internal/pkg/repo/adrepository.go:28.2,32.15 2 0
AdHub/internal/pkg/repo/adrepository.go:35.70,39.29 1 1
AdHub/internal/pkg/repo/adrepository.go:39.29,41.3 1 0
AdHub/internal/pkg/repo/adrepository.go:43.2,43.16 1 1
AdHub/internal/pkg/repo/adrepository.go:46.45,47.84 1 1
AdHub/internal/pkg/repo/adrepository.go:47.84,49.3 1 0
AdHub/internal/pkg/repo/adrepository.go:51.2,51.12 1 1
AdHub/internal/pkg/repo/adrepository.go:54.54,59.16 2 0
AdHub/internal/pkg/repo/adrepository.go:59.16,61.3 1 0
AdHub/internal/pkg/repo/adrepository.go:63.2,63.12 1 0
AdHub/internal/pkg/repo/adrepository.go:66.61,68.16 2 1
AdHub/internal/pkg/repo/adrepository.go:68.16,70.3 1 0
AdHub/internal/pkg/repo/adrepository.go:72.2,76.18 3 1
AdHub/internal/pkg/repo/adrepository.go:76.18,79.17 3 1
AdHub/internal/pkg/repo/adrepository.go:79.17,81.4 1 0
AdHub/internal/pkg/repo/adrepository.go:83.3,88.24 5 1
AdHub/internal/pkg/repo/adrepository.go:91.2,91.17 1 1
AdHub/internal/pkg/repo/adrepository.go:94.59,96.2 1 1
AdHub/internal/pkg/repo/adrepository.go:98.58,100.2 1 1
AdHub/internal/pkg/repo/adrepository.go:102.61,104.2 1 0
AdHub/internal/pkg/repo/adrepository.go:106.58,108.16 2 1
AdHub/internal/pkg/repo/adrepository.go:108.16,110.3 1 0
AdHub/internal/pkg/repo/adrepository.go:112.2,116.18 3 1
AdHub/internal/pkg/repo/adrepository.go:116.18,119.17 3 1
AdHub/internal/pkg/repo/adrepository.go:119.17,121.4 1 0
AdHub/internal/pkg/repo/adrepository.go:123.3,128.11 5 1
AdHub/internal/pkg/repo/adrepository.go:131.2,131.17 1 1
AdHub/internal/pkg/repo/adrepository.go:134.68,136.16 2 0
AdHub/internal/pkg/repo/adrepository.go:136.16,138.3 1 0
AdHub/internal/pkg/repo/adrepository.go:140.2,144.18 3 0
AdHub/internal/pkg/repo/adrepository.go:144.18,147.17 3 0
AdHub/internal/pkg/repo/adrepository.go:147.17,149.4 1 0
AdHub/internal/pkg/repo/adrepository.go:151.3,156.20 5 0
AdHub/internal/pkg/repo/adrepository.go:156.20,158.4 1 0
AdHub/internal/pkg/repo/adrepository.go:161.2,161.17 1 0
AdHub/internal/pkg/repo/balancerepository.go:14.72,20.2 2 1
AdHub/internal/pkg/repo/balancerepository.go:22.68,24.16 2 0
AdHub/internal/pkg/repo/balancerepository.go:24.16,26.3 1 0
AdHub/internal/pkg/repo/balancerepository.go:28.2,32.15 2 0
AdHub/internal/pkg/repo/balancerepository.go:35.90,39.34 1 1
AdHub/internal/pkg/repo/balancerepository.go:39.34,41.3 1 0
AdHub/internal/pkg/repo/balancerepository.go:43.2,43.21 1 1
AdHub/internal/pkg/repo/balancerepository.go:46.50,47.89 1 1
AdHub/internal/pkg/repo/balancerepository.go:47.89,49.3 1 0
AdHub/internal/pkg/repo/balancerepository.go:51.2,51.12 1 1
AdHub/internal/pkg/repo/balancerepository.go:54.60,56.2 1 1
AdHub/internal/pkg/repo/balancerepository.go:58.69,63.16 2 1
AdHub/internal/pkg/repo/balancerepository.go:63.16,65.3 1 0
AdHub/internal/pkg/repo/balancerepository.go:67.2,67.12 1 1
AdHub/internal/pkg/repo/balancerepository.go:70.69,72.16 2 1
AdHub/internal/pkg/repo/balancerepository.go:72.16,74.3 1 0
AdHub/internal/pkg/repo/balancerepository.go:76.2,80.18 3 1
AdHub/internal/pkg/repo/balancerepository.go:80.18,82.17 2 1
AdHub/internal/pkg/repo/balancerepository.go:82.17,84.4 1 0
AdHub/internal/pkg/repo/balancerepository.go:86.2,86.21 1 1
AdHub/internal/pkg/repo/balancerepository.go:86.21,88.3 1 0
AdHub/internal/pkg/repo/balancerepository.go:89.2,89.21 1 1
AdHub/internal/pkg/repo/csrfrepository.go:16.92,19.2 2 0
AdHub/internal/pkg/repo/csrfrepository.go:21.75,22.23 1 0
AdHub/internal/pkg/repo/csrfrepository.go:22.23,24.3 1 0
AdHub/internal/pkg/repo/csrfrepository.go:25.2,27.16 3 0
AdHub/internal/pkg/repo/csrfrepository.go:27.16,29.3 1 0
AdHub/internal/pkg/repo/csrfrepository.go:30.2,30.15 1 0
AdHub/internal/pkg/repo/csrfrepository.go:33.67,37.16 3 0
AdHub/internal/pkg/repo/csrfrepository.go:37.16,39.3 1 0
AdHub/internal/pkg/repo/csrfrepository.go:41.2,44.8 1 0
AdHub/internal/pkg/repo/csrfrepository.go:47.57,48.23 1 0
AdHub/internal/pkg/repo/csrfrepository.go:48.23,50.3 1 0
AdHub/internal/pkg/repo/csrfrepository.go:52.2,54.12 3 0
AdHub/internal/pkg/repo/filerepository.go:15.60,17.2 1 1
AdHub/internal/pkg/repo/filerepository.go:19.80,27.2 4 1
AdHub/internal/pkg/repo/filerepository.go:29.88,34.16 4 1
AdHub/internal/pkg/repo/filerepository.go:34.16,36.3 1 0
AdHub/internal/pkg/repo/filerepository.go:38.2,38.28 1 1
AdHub/internal/pkg/repo/filerepository.go:41.66,45.16 3 1
AdHub/internal/pkg/repo/filerepository.go:45.16,47.3 1 0
AdHub/internal/pkg/repo/filerepository.go:49.2,49.18 1 1
AdHub/internal/pkg/repo/filerepository.go:52.59,56.16 3 1
AdHub/internal/pkg/repo/filerepository.go:56.16,58.3 1 0
AdHub/internal/pkg/repo/filerepository.go:60.2,60.12 1 1
AdHub/internal/pkg/repo/filerepository.go:63.65,65.2 1 1
AdHub/internal/pkg/repo/padrepository.go:14.64,20.2 2 1
AdHub/internal/pkg/repo/padrepository.go:22.60,24.16 2 0
AdHub/internal/pkg/repo/padrepository.go:24.16,26.3 1 0
AdHub/internal/pkg/repo/padrepository.go:28.2,32.15 2 0
AdHub/internal/pkg/repo/padrepository.go:35.74,39.30 1 1
AdHub/internal/pkg/repo/padrepository.go:39.30,41.3 1 0
AdHub/internal/pkg/repo/padrepository.go:43.2,43.17 1 1
AdHub/internal/pkg/repo/padrepository.go:46.46,47.85 1 1
AdHub/internal/pkg/repo/padrepository.go:47.85,49.3 1 0
AdHub/internal/pkg/repo/padrepository.go:51.2,51.12 1 1
AdHub/internal/pkg/repo/padrepository.go:54.57,59.16 2 0
AdHub/internal/pkg/repo/padrepository.go:59.16,61.3 1 0
AdHub/internal/pkg/repo/padrepository.go:63.2,63.12 1 0
AdHub/internal/pkg/repo/padrepository.go:66.63,68.16 2 1
AdHub/internal/pkg/repo/padrepository.go:68.16,70.3 1 0
AdHub/internal/pkg/repo/padrepository.go:72.2,76.18 3 1
AdHub/internal/pkg/repo/padrepository.go:76.18,79.17 3 1
AdHub/internal/pkg/repo/padrepository.go:79.17,81.4 1 0
AdHub/internal/pkg/repo/padrepository.go:83.3,87.27 4 1
AdHub/internal/pkg/repo/padrepository.go:90.2,90.18 1 1
AdHub/internal/pkg/repo/padrepository.go:93.60,95.2 1 1
AdHub/internal/pkg/repo/padrepository.go:97.59,99.2 1 0
AdHub/internal/pkg/repo/padrepository.go:101.60,103.16 2 0
AdHub/internal/pkg/repo/padrepository.go:103.16,105.3 1 0
AdHub/internal/pkg/repo/padrepository.go:107.2,111.18 3 0
AdHub/internal/pkg/repo/padrepository.go:111.18,114.17 3 0
AdHub/internal/pkg/repo/padrepository.go:114.17,116.4 1 0
AdHub/internal/pkg/repo/padrepository.go:118.3,122.13 4 0
AdHub/internal/pkg/repo/padrepository.go:125.2,125.18 1 0
AdHub/internal/pkg/repo/targetrepository.go:17.70,23.2 2 1
AdHub/internal/pkg/repo/targetrepository.go:25.66,27.16 2 0
AdHub/internal/pkg/repo/targetrepository.go:27.16,29.3 1 0
AdHub/internal/pkg/repo/targetrepository.go:31.2,35.15 2 0
AdHub/internal/pkg/repo/targetrepository.go:38.86,47.33 5 1
AdHub/internal/pkg/repo/targetrepository.go:47.33,49.3 1 0
AdHub/internal/pkg/repo/targetrepository.go:51.2,51.20 1 1
AdHub/internal/pkg/repo/targetrepository.go:54.66,64.16 6 1
AdHub/internal/pkg/repo/targetrepository.go:64.16,66.3 1 0
AdHub/internal/pkg/repo/targetrepository.go:68.2,68.12 1 1
AdHub/internal/pkg/repo/targetrepository.go:71.49,72.89 1 1
AdHub/internal/pkg/repo/targetrepository.go:72.89,74.3 1 0
AdHub/internal/pkg/repo/targetrepository.go:76.2,76.12 1 1
AdHub/internal/pkg/repo/targetrepository.go:79.59,81.2 1 1
AdHub/internal/pkg/repo/targetrepository.go:83.66,85.2 1 1
AdHub/internal/pkg/repo/targetrepository.go:87.59,89.2 1 0
AdHub/internal/pkg/repo/targetrepository.go:91.67,93.16 2 1
AdHub/internal/pkg/repo/targetrepository.go:93.16,96.3 2 0
AdHub/internal/pkg/repo/targetrepository.go:98.2,102.18 3 1
AdHub/internal/pkg/repo/targetrepository.go:102.18,105.17 3 1
AdHub/internal/pkg/repo/targetrepository.go:105.17,107.4 1 0
AdHub/internal/pkg/repo/targetrepository.go:109.3,118.35 9 1
AdHub/internal/pkg/repo/targetrepository.go:121.2,121.20 1 1
AdHub/internal/pkg/repo/targetrepository.go:121.20,123.3 1 0
AdHub/internal/pkg/repo/targetrepository.go:125.2,125.20 1 1
AdHub/internal/pkg/repo/targetrepository.go:128.73,130.16 2 1
AdHub/internal/pkg/repo/targetrepository.go:130.16,133.3 2 0
AdHub/internal/pkg/repo/targetrepository.go:134.2,138.18 3 1
AdHub/internal/pkg/repo/targetrepository.go:138.18,142.17 4 1
AdHub/internal/pkg/repo/targetrepository.go:142.17,144.4 1 0
AdHub/internal/pkg/repo/targetrepository.go:146.3,157.37 10 1
AdHub/internal/pkg/repo/targetrepository.go:160.2,160.23 1 1
AdHub/internal/pkg/repo/targetrepository.go:160.23,162.3 1 0
AdHub/internal/pkg/repo/targetrepository.go:164.2,164.21 1 1
AdHub/internal/pkg/repo/targetrepository.go:167.69,169.16 2 0
AdHub/internal/pkg/repo/targetrepository.go:169.16,172.3 2 0
AdHub/internal/pkg/repo/targetrepository.go:173.2,177.18 3 0
AdHub/internal/pkg/repo/targetrepository.go:177.18,181.17 4 0
AdHub/internal/pkg/repo/targetrepository.go:181.17,183.4 1 0
AdHub/internal/pkg/repo/targetrepository.go:185.3,196.37 10 0
AdHub/internal/pkg/repo/targetrepository.go:199.2,199.23 1 0
AdHub/internal/pkg/repo/targetrepository.go:199.23,201.3 1 0
AdHub/internal/pkg/repo/targetrepository.go:203.2,203.21 1 0
AdHub/internal/pkg/repo/targetrepository.go:206.39,208.22 2 1
AdHub/internal/pkg/repo/targetrepository.go:208.22,210.3 1 1
AdHub/internal/pkg/repo/targetrepository.go:211.2,211.13 1 1
AdHub/internal/pkg/repo/uniquelinkrepository.go:16.92,21.2 2 0
AdHub/internal/pkg/repo/uniquelinkrepository.go:23.94,26.2 2 0
AdHub/internal/pkg/repo/uniquelinkrepository.go:28.78,29.23 1 0
AdHub/internal/pkg/repo/uniquelinkrepository.go:29.23,31.3 1 0
AdHub/internal/pkg/repo/uniquelinkrepository.go:32.2,34.16 3 0
AdHub/internal/pkg/repo/uniquelinkrepository.go:34.16,36.3 1 0
AdHub/internal/pkg/repo/uniquelinkrepository.go:37.2,37.15 1 0
AdHub/internal/pkg/repo/uniquelinkrepository.go:40.76,41.23 1 0
AdHub/internal/pkg/repo/uniquelinkrepository.go:41.23,43.3 1 0
AdHub/internal/pkg/repo/uniquelinkrepository.go:45.2,47.16 3 0
AdHub/internal/pkg/repo/uniquelinkrepository.go:47.16,49.3 1 0
AdHub/internal/pkg/repo/uniquelinkrepository.go:51.2,52.16 2 0
AdHub/internal/pkg/repo/uniquelinkrepository.go:52.16,54.3 1 0
AdHub/internal/pkg/repo/uniquelinkrepository.go:55.2,55.15 1 0
AdHub/internal/pkg/repo/uniquelinkrepository.go:58.59,59.23 1 0
AdHub/internal/pkg/repo/uniquelinkrepository.go:59.23,61.3 1 0
AdHub/internal/pkg/repo/uniquelinkrepository.go:63.2,65.12 3 0
AdHub/internal/pkg/repo/uniquelinkrepository.go:68.69,71.16 3 0
AdHub/internal/pkg/repo/uniquelinkrepository.go:71.16,73.3 1 0
AdHub/internal/pkg/repo/uniquelinkrepository.go:74.2,74.25 1 0
AdHub/internal/pkg/repo/userrepository.go:15.66,20.2 2 1
AdHub/internal/pkg/repo/userrepository.go:22.62,24.16 2 0
AdHub/internal/pkg/repo/userrepository.go:24.16,26.3 1 0
AdHub/internal/pkg/repo/userrepository.go:27.2,30.15 2 0
AdHub/internal/pkg/repo/userrepository.go:33.78,37.31 1 1
AdHub/internal/pkg/repo/userrepository.go:37.31,39.3 1 0
AdHub/internal/pkg/repo/userrepository.go:40.2,40.18 1 1
AdHub/internal/pkg/repo/userrepository.go:42.53,43.88 1 1
AdHub/internal/pkg/repo/userrepository.go:43.88,45.3 1 0
AdHub/internal/pkg/repo/userrepository.go:46.2,46.12 1 1
AdHub/internal/pkg/repo/userrepository.go:49.70,51.2 1 1
AdHub/internal/pkg/repo/userrepository.go:53.61,55.2 1 1
AdHub/internal/pkg/repo/userrepository.go:57.60,62.16 2 1
AdHub/internal/pkg/repo/userrepository.go:62.16,64.3 1 0
AdHub/internal/pkg/repo/userrepository.go:65.2,65.12 1 1
AdHub/internal/pkg/repo/userrepository.go:68.76,70.16 2 1
AdHub/internal/pkg/repo/userrepository.go:70.16,72.3 1 0
AdHub/internal/pkg/repo/userrepository.go:73.2,75.18 3 1
AdHub/internal/pkg/repo/userrepository.go:75.18,77.17 2 1
AdHub/internal/pkg/repo/userrepository.go:77.17,79.4 1 0
AdHub/internal/pkg/repo/userrepository.go:81.2,88.18 7 1
AdHub/internal/pkg/repo/userrepository.go:88.18,90.3 1 0
AdHub/internal/pkg/repo/userrepository.go:91.2,91.18 1 1
AdHub/internal/pkg/repo/userrepository.go:94.67,96.16 2 1
AdHub/internal/pkg/repo/userrepository.go:96.16,98.3 1 0
AdHub/internal/pkg/repo/userrepository.go:99.2,101.18 3 1
AdHub/internal/pkg/repo/userrepository.go:101.18,103.17 2 1
AdHub/internal/pkg/repo/userrepository.go:103.17,105.4 1 0
AdHub/internal/pkg/repo/userrepository.go:107.2,114.18 7 1
AdHub/internal/pkg/repo/userrepository.go:114.18,116.3 1 0
AdHub/internal/pkg/repo/userrepository.go:117.2,117.18 1 1
AdHub/internal/pkg/usecases/ad/ad.go:11.49,15.2 1 1
AdHub/internal/pkg/usecases/ad/ad.go:17.70,19.2 1 1
AdHub/internal/pkg/usecases/ad/ad.go:21.65,23.2 1 1
AdHub/internal/pkg/usecases/ad/ad.go:25.59,27.2 1 0
AdHub/internal/pkg/usecases/ad/ad.go:29.45,31.2 1 0
AdHub/internal/pkg/usecases/ad/ad.go:33.53,35.2 1 0
AdHub/internal/pkg/usecases/ad/ad.go:37.65,39.2 1 0
AdHub/internal/pkg/usecases/balance/balance.go:11.59,15.2 1 1
AdHub/internal/pkg/usecases/balance/balance.go:17.90,19.2 1 1
AdHub/internal/pkg/usecases/balance/balance.go:21.74,23.2 1 1
AdHub/internal/pkg/usecases/balance/balance.go:25.55,27.2 1 1
AdHub/internal/pkg/usecases/balance/balance.go:29.64,31.16 2 1
AdHub/internal/pkg/usecases/balance/balance.go:31.16,33.3 1 0
AdHub/internal/pkg/usecases/balance/balance.go:35.2,38.28 3 1
AdHub/internal/pkg/usecases/balance/balance.go:41.66,43.16 2 1
AdHub/internal/pkg/usecases/balance/balance.go:43.16,45.3 1 0
AdHub/internal/pkg/usecases/balance/balance.go:47.2,50.28 3 1
AdHub/internal/pkg/usecases/balance/balance.go:53.69,55.16 2 1
AdHub/internal/pkg/usecases/balance/balance.go:55.16,57.3 1 0
AdHub/internal/pkg/usecases/balance/balance.go:59.2,61.28 2 1
AdHub/internal/pkg/usecases/file/file.go:11.53,15.2 1 1
AdHub/internal/pkg/usecases/file/file.go:17.83,19.2 1 1
AdHub/internal/pkg/usecases/file/file.go:21.61,23.2 1 1
AdHub/internal/pkg/usecases/file/file.go:25.54,27.2 1 1
AdHub/internal/pkg/usecases/target/target.go:11.57,15.2 1 1
AdHub/internal/pkg/usecases/target/target.go:17.85,19.2 1 1
AdHub/internal/pkg/usecases/target/target.go:21.53,23.2 1 1
AdHub/internal/pkg/usecases/target/target.go:25.71,27.2 1 1
AdHub/internal/pkg/usecases/target/target.go:29.77,31.2 1 1
AdHub/internal/pkg/usecases/target/target.go:33.65,35.2 1 0
AdHub/internal/pkg/usecases/target/target.go:37.69,39.2 1 0
AdHub/internal/pkg/usecases/user/user.go:11.53,15.2 1 1
AdHub/internal/pkg/usecases/user/user.go:17.80,19.2 1 1
AdHub/internal/pkg/usecases/user/user.go:21.58,23.2 1 1
AdHub/internal/pkg/usecases/user/user.go:25.78,27.2 1 1
AdHub/internal/pkg/usecases/user/user.go:29.69,31.2 1 1
AdHub/internal/pkg/usecases/user/user.go:33.59,35.2 1 0
AdHub/pkg/cryptoUtils/utils.go:8.51,11.16 3 1
AdHub/pkg/cryptoUtils/utils.go:11.16,13.3 1 0
AdHub/pkg/cryptoUtils/utils.go:14.2,15.17 2 1
AdHub/pkg/db/postgres.go:15.30,17.2 1 0
AdHub/pkg/db/postgres.go:19.30,23.2 1 0
AdHub/pkg/db/postgres.go:25.27,27.2 1 0
AdHub/pkg/db/postgres.go:29.42,31.16 2 1
AdHub/pkg/db/postgres.go:31.16,34.3 2 0
AdHub/pkg/db/postgres.go:36.2,38.15 2 1
AdHub/pkg/db/postgres.go:41.22,43.2 1 1
AdHub/pkg/logger/logrus_logger.go:14.50,21.2 4 0
AdHub/pkg/logger/logrus_logger.go:23.45,25.2 1 1
AdHub/pkg/logger/logrus_logger.go:27.46,29.2 1 1
AdHub/pkg/logger/logrus_logger.go:31.46,33.2 1 0
AdHub/pkg/logger/logrus_logger.go:35.50,36.15 1 1
AdHub/pkg/logger/logrus_logger.go:37.18,38.36 1 1
AdHub/pkg/logger/logrus_logger.go:39.17,40.35 1 1
AdHub/pkg/logger/logrus_logger.go:41.18,42.36 1 1
AdHub/pkg/logger/logrus_logger.go:43.18,44.36 1 1
AdHub/pkg/logger/logrus_logger.go:48.84,56.2 2 1
AdHub/pkg/middleware/auth.go:11.108,12.46 1 0
AdHub/pkg/middleware/auth.go:12.46,13.72 1 0
AdHub/pkg/middleware/auth.go:13.72,14.36 1 0
AdHub/pkg/middleware/auth.go:14.36,17.5 2 0
AdHub/pkg/middleware/auth.go:18.4,18.36 1 0
AdHub/pkg/middleware/auth.go:18.36,21.5 2 0
AdHub/pkg/middleware/auth.go:23.4,24.18 2 0
AdHub/pkg/middleware/auth.go:24.18,27.5 2 0
AdHub/pkg/middleware/auth.go:29.4,30.18 2 0
AdHub/pkg/middleware/auth.go:30.18,33.5 2 0
AdHub/pkg/middleware/auth.go:37.4,38.18 2 0
AdHub/pkg/middleware/auth.go:38.18,41.5 2 0
AdHub/pkg/middleware/auth.go:43.4,44.18 2 0
AdHub/pkg/middleware/auth.go:44.18,47.5 2 0
AdHub/pkg/middleware/auth.go:49.4,49.43 1 0
AdHub/pkg/middleware/auth.go:49.43,52.5 2 0
AdHub/pkg/middleware/auth.go:54.4,56.18 3 0
AdHub/pkg/middleware/auth.go:56.18,59.5 2 0
AdHub/pkg/middleware/auth.go:60.4,72.41 4 0
AdHub/pkg/middleware/cors.go:9.43,10.71 1 1
AdHub/pkg/middleware/cors.go:10.71,11.37 1 1
AdHub/pkg/middleware/cors.go:11.37,18.4 6 1
AdHub/pkg/middleware/cors.go:19.3,24.23 5 1
AdHub/pkg/middleware/logger.go:9.64,10.46 1 1
AdHub/pkg/middleware/logger.go:10.46,11.72 1 1
AdHub/pkg/middleware/logger.go:11.72,19.4 4 1
AdHub/pkg/middleware/prometheus.go:37.13,39.2 1 1
AdHub/pkg/middleware/prometheus.go:41.56,42.71 1 1
AdHub/pkg/middleware/prometheus.go:42.71,60.24 10 1
AdHub/pkg/middleware/prometheus.go:60.24,62.4 1 0
AdHub/pkg/middleware/prometheus.go:71.50,74.2 2 1
AdHub/pkg/middleware/public_cors.go:5.47,6.71 1 0
AdHub/pkg/middleware/public_cors.go:6.71,7.37 1 0
AdHub/pkg/middleware/public_cors.go:7.37,14.4 6 0
AdHub/pkg/middleware/public_cors.go:15.3,18.23 3 0
AdHub/pkg/middleware/recover.go:10.65,11.46 1 1
AdHub/pkg/middleware/recover.go:11.46,12.72 1 1
AdHub/pkg/middleware/recover.go:12.72,13.17 1 1
AdHub/pkg/middleware/recover.go:13.17,14.37 1 1
AdHub/pkg/middleware/recover.go:14.37,19.6 3 1
AdHub/pkg/middleware/recover.go:22.4,22.24 1 1
